<?xml version="1.0" encoding="UTF-8"?>
<!-- Generated by org.testng.reporters.JUnitReportReporter -->
<testsuite hostname="DCSaab-Laptop" failures="0" tests="3" name="testlayerAMAZON.LogintestclassAMAZON" time="20.321" errors="0" timestamp="2023-01-05T04:51:42 IST" skipped="2">
  <testcase classname="testlayerAMAZON.LogintestclassAMAZON" name="SignIn" time="20.321"/>
  <system-out/>
  <testcase classname="testlayerAMAZON.LogintestclassAMAZON" name="CreateAccount">
    <skipped/>
  </testcase> <!-- CreateAccount -->
  <system-out/>
  <testcase classname="testlayerAMAZON.LogintestclassAMAZON" name="Title">
    <skipped/>
  </testcase> <!-- Title -->
  <system-out/>
</testsuite> <!-- testlayerAMAZON.LogintestclassAMAZON -->
